[libguides.wpi.edu/aerospace/organizations.html]
[backblue.gif]
[fade.gif]
[index.html]
[libapps.s3.amazonaws.com/apps/common/favicon/apple-touch-icon.png]
[libapps.s3.amazonaws.com/apps/common/favicon/favicon-32x32.png]
[libapps.s3.amazonaws.com/apps/common/favicon/favicon-16x16.png]
[libguides.wpi.edu/web/jquery/css/jquery-ui.mindbbf.css]
[libguides.wpi.edu/web/font-awesome/4.7.0/css/font-awesome.min.css]
[libguides.wpi.edu/web/slick-1.8.1/slick/slick.css]
[libguides.wpi.edu/web/slick-1.8.1/slick/slick-theme.css]
[libguides.wpi.edu/web/css2.18.6/lg-public.min.css]
[libguides.wpi.edu/web/jquery/js/1.12.4_jquery.min.js]
[code.jquery.com/ui/1.12.1/jquery-ui.min.js]
[libguides.wpi.edu/web/js2.18.6/lg-public.min.js]
[libguides.wpi.edu/web/jquery/js/jquery-ui.mindbbf.js]
[web.wpi.edu/Images/template/wpilogo.gif]
[translate.google.com/translate_a/elementa0d8.js]
[libapps.s3.amazonaws.com/sites/971/banner/WPILib.png]
[libguides.wpi.edu/web/js/sa.min5819.js]
[libguides.wpi.edu/aerospace/organizations.html]
[libguides.wpi.edu/aerospace/researchdatabases.html]
[libguides.wpi.edu/web/jquery/css/images/ui-bg_flat_75_ffffff_40x100.png]
[libguides.wpi.edu/web/jquery/css/images/ui-bg_highlight-soft_75_cccccc_1x100.png]
[libguides.wpi.edu/web/jquery/css/images/ui-bg_glass_75_e6e6e6_1x400.png]
[libguides.wpi.edu/web/jquery/css/images/ui-bg_glass_75_dadada_1x400.png]
[libguides.wpi.edu/web/jquery/css/images/ui-bg_glass_65_ffffff_1x400.png]
[libguides.wpi.edu/web/jquery/css/images/ui-bg_glass_55_fbf9ee_1x400.png]
[libguides.wpi.edu/web/jquery/css/images/ui-bg_glass_95_fef1ec_1x400.png]
[libguides.wpi.edu/web/jquery/css/images/ui-icons_222222_256x240.png]
[libguides.wpi.edu/web/jquery/css/images/ui-icons_888888_256x240.png]
[libguides.wpi.edu/web/jquery/css/images/ui-icons_454545_256x240.png]
[libguides.wpi.edu/web/jquery/css/images/ui-icons_2e83ff_256x240.png]
[libguides.wpi.edu/web/jquery/css/images/ui-icons_cd0a0a_256x240.png]
[libguides.wpi.edu/web/jquery/css/images/ui-bg_flat_0_aaaaaa_40x100.png]
[libguides.wpi.edu/web/jquery/css/jquery-ui.mindbbf.css]
[libguides.wpi.edu/web/font-awesome/4.7.0/css/font-awesome.min.css]
[libguides.wpi.edu/web/slick-1.8.1/slick/slick.css]
[libguides.wpi.edu/web/slick-1.8.1/slick/ajax-loader.gif]
[libguides.wpi.edu/web/slick-1.8.1/slick/fonts/slick.eot]
[libguides.wpi.edu/web/slick-1.8.1/slick/fonts/slickd41d.eot]
[libguides.wpi.edu/web/slick-1.8.1/slick/fonts/slick.woff]
[libguides.wpi.edu/web/slick-1.8.1/slick/fonts/slick.ttf]
[libguides.wpi.edu/web/slick-1.8.1/slick/slick-theme.css]
[libguides.wpi.edu/web/css2.18.6/lg-public.min.css]
[web.wpi.edu/css/13.css]
[web.wpi.edu/css/9.css]
[web.wpi.edu/css/11.css]
[web.wpi.edu/css/15.css]
[web.wpi.edu/css/17.css]
[libapps.s3.amazonaws.com/accounts/310674/images/aero_scr.jpg]
[libguides.wpi.edu/aerospace/researchdatabases.html]
[libguides.wpi.edu/web/slick-1.8.1/slick/fonts/slick.svg]
